Base path: C:/Program Files (x86)/Unity/Editor/Data
Pipe name: \\.\pipe\UnityShaderCompiler-3-6376
Cmd: getPlatforms
Cmd: compileSnippet
  api=8 type=0 insize=4590 outsize=3811 kw=DIRECTIONAL LIGHTMAP_OFF DIRLIGHTMAP_OFF ok=1
Cmd: compileSnippet
  api=4 type=0 insize=4590 outsize=1493 kw=DIRECTIONAL LIGHTMAP_ON DIRLIGHTMAP_OFF ok=1
Cmd: compileSnippet
  api=8 type=0 insize=4590 outsize=2048 kw=DIRECTIONAL LIGHTMAP_ON DIRLIGHTMAP_OFF ok=1
Cmd: compileSnippet
  api=0 type=0 insize=4590 outsize=436 kw=DIRECTIONAL LIGHTMAP_ON DIRLIGHTMAP_ON ok=1
Cmd: compileSnippet
  api=4 type=0 insize=4590 outsize=1493 kw=DIRECTIONAL LIGHTMAP_ON DIRLIGHTMAP_ON ok=1
Cmd: compileSnippet
  api=1 type=0 insize=4590 outsize=1146 kw=DIRECTIONAL LIGHTMAP_OFF DIRLIGHTMAP_OFF VERTEXLIGHT_ON ok=1
Cmd: compileSnippet
  api=8 type=1 insize=4590 outsize=2462 kw=DIRECTIONAL LIGHTMAP_OFF DIRLIGHTMAP_OFF ok=1
Cmd: compileSnippet
  api=4 type=1 insize=4590 outsize=1404 kw=DIRECTIONAL LIGHTMAP_ON DIRLIGHTMAP_OFF ok=1
Cmd: compileSnippet
  api=8 type=1 insize=4590 outsize=2170 kw=DIRECTIONAL LIGHTMAP_ON DIRLIGHTMAP_OFF ok=1
Cmd: compileSnippet
  api=0 type=1 insize=4590 outsize=466 kw=DIRECTIONAL LIGHTMAP_ON DIRLIGHTMAP_ON ok=1
Cmd: compileSnippet
  api=8 type=1 insize=4590 outsize=2170 kw=DIRECTIONAL LIGHTMAP_ON DIRLIGHTMAP_ON ok=1
Cmd: compileSnippet
  api=0 type=0 insize=2548 outsize=560 kw=DIRECTIONAL ok=1
Cmd: compileSnippet
  api=8 type=0 insize=2548 outsize=2608 kw=DIRECTIONAL ok=1
Cmd: compileSnippet
  api=0 type=0 insize=2548 outsize=817 kw=POINT_COOKIE ok=1
Cmd: compileSnippet
  api=4 type=0 insize=2548 outsize=2542 kw=DIRECTIONAL_COOKIE ok=1
Cmd: compileSnippet
  api=0 type=1 insize=2548 outsize=517 kw=DIRECTIONAL ok=1
Cmd: compileSnippet
  api=8 type=1 insize=2548 outsize=2308 kw=DIRECTIONAL ok=1
Cmd: compileSnippet
  api=1 type=1 insize=2548 outsize=600 kw=POINT_COOKIE ok=1
Cmd: compileSnippet
  api=1 type=1 insize=2548 outsize=476 kw=DIRECTIONAL_COOKIE ok=1
Unhandled exception: Readfile from pipe failed. GLE=管道已结束。


Quitting shader compiler process
