Base path: C:/Program Files (x86)/Unity/Editor/Data
Pipe name: \\.\pipe\UnityShaderCompiler-2-4648
Cmd: getPlatforms
Cmd: compileSnippet
  api=4 type=0 insize=4590 outsize=2607 kw=DIRECTIONAL LIGHTMAP_OFF DIRLIGHTMAP_OFF ok=1
Cmd: compileSnippet
  api=1 type=0 insize=4590 outsize=190 kw=DIRECTIONAL LIGHTMAP_ON DIRLIGHTMAP_OFF ok=1
Cmd: compileSnippet
  api=0 type=0 insize=4590 outsize=1566 kw=DIRECTIONAL LIGHTMAP_OFF DIRLIGHTMAP_OFF VERTEXLIGHT_ON ok=1
Cmd: compileSnippet
  api=4 type=1 insize=4590 outsize=1583 kw=DIRECTIONAL LIGHTMAP_OFF DIRLIGHTMAP_OFF ok=1
Cmd: compileSnippet
  api=1 type=1 insize=4590 outsize=363 kw=DIRECTIONAL LIGHTMAP_ON DIRLIGHTMAP_OFF ok=1
Cmd: compileSnippet
  api=4 type=0 insize=2548 outsize=2875 kw=POINT ok=1
Cmd: compileSnippet
  api=1 type=0 insize=2548 outsize=402 kw=SPOT ok=1
Cmd: compileSnippet
  api=4 type=0 insize=2548 outsize=2875 kw=POINT_COOKIE ok=1
Cmd: compileSnippet
  api=8 type=0 insize=2548 outsize=4128 kw=POINT_COOKIE ok=1
Cmd: compileSnippet
  api=8 type=0 insize=2548 outsize=3632 kw=DIRECTIONAL_COOKIE ok=1
Cmd: compileSnippet
  api=8 type=1 insize=2548 outsize=2909 kw=POINT ok=1
Cmd: compileSnippet
  api=1 type=1 insize=2548 outsize=723 kw=SPOT ok=1
Cmd: compileSnippet
  api=8 type=1 insize=2548 outsize=3600 kw=SPOT ok=1
Unhandled exception: Readfile from pipe failed. GLE=管道已结束。


Quitting shader compiler process
