Base path: C:/Program Files (x86)/Unity/Editor/Data
Pipe name: \\.\pipe\UnityShaderCompiler-4-912
Cmd: getPlatforms
Cmd: compileSnippet
  api=0 type=0 insize=4590 outsize=436 kw=DIRECTIONAL LIGHTMAP_ON DIRLIGHTMAP_OFF ok=1
Cmd: compileSnippet
  api=1 type=0 insize=4590 outsize=190 kw=DIRECTIONAL LIGHTMAP_ON DIRLIGHTMAP_ON ok=1
Cmd: compileSnippet
  api=4 type=0 insize=4590 outsize=4329 kw=DIRECTIONAL LIGHTMAP_OFF DIRLIGHTMAP_OFF VERTEXLIGHT_ON ok=1
Cmd: compileSnippet
  api=0 type=1 insize=4590 outsize=466 kw=DIRECTIONAL LIGHTMAP_ON DIRLIGHTMAP_OFF ok=1
Cmd: compileSnippet
  api=1 type=1 insize=4590 outsize=363 kw=DIRECTIONAL LIGHTMAP_ON DIRLIGHTMAP_ON ok=1
Cmd: compileSnippet
  api=8 type=0 insize=2548 outsize=4128 kw=POINT ok=1
Cmd: compileSnippet
  api=4 type=0 insize=2548 outsize=1851 kw=DIRECTIONAL ok=1
Cmd: compileSnippet
  api=4 type=0 insize=2548 outsize=2875 kw=SPOT ok=1
Cmd: compileSnippet
  api=1 type=0 insize=2548 outsize=383 kw=POINT_COOKIE ok=1
Cmd: compileSnippet
  api=1 type=0 insize=2548 outsize=359 kw=DIRECTIONAL_COOKIE ok=1
Cmd: compileSnippet
  api=4 type=1 insize=2548 outsize=1883 kw=POINT ok=1
Cmd: compileSnippet
  api=0 type=1 insize=2548 outsize=899 kw=SPOT ok=1
Cmd: compileSnippet
  api=4 type=1 insize=2548 outsize=2379 kw=SPOT ok=1
Cmd: compileSnippet
  api=4 type=1 insize=2548 outsize=2070 kw=POINT_COOKIE ok=1
Cmd: compileSnippet
  api=8 type=1 insize=2548 outsize=3185 kw=POINT_COOKIE ok=1
Cmd: compileSnippet
  api=4 type=1 insize=2548 outsize=1672 kw=DIRECTIONAL_COOKIE ok=1
Unhandled exception: Readfile from pipe failed. GLE=管道已结束。


Quitting shader compiler process
